<?xml version="1.0" encoding="UTF-8"?>
<testng-results total="1" passed="1" failed="0" skipped="0">
  <reporter-output>
  </reporter-output>
  <suite started-at="2022-03-12T16:40:32Z" name="Suite" finished-at="2022-03-12T16:40:32Z" duration-ms="35">
    <groups>
    </groups>
    <test started-at="2022-03-12T16:40:32Z" name="Test" finished-at="2022-03-12T16:40:32Z" duration-ms="35">
      <class name="mavenjava.javatestng.NewTest">
        <test-method signature="f()[pri:0, instance:mavenjava.javatestng.NewTest@71238fc2]" started-at="2022-03-12T22:10:32Z" name="f" finished-at="2022-03-12T22:10:32Z" duration-ms="19" status="PASS">
          <reporter-output>
          </reporter-output>
        </test-method> <!-- f -->
      </class> <!-- mavenjava.javatestng.NewTest -->
    </test> <!-- Test -->
  </suite> <!-- Suite -->
</testng-results>
